<?xml version="1.0" encoding="UTF-8"?>
<!-- Generated by org.testng.reporters.JUnitXMLReporter -->
<testsuite hostname="DESKTOP-TF80URS" ignored="0" name="test1" tests="1" failures="1" timestamp="28 Dec 2019 21:11:34 GMT" time="10.786" errors="0">
  <testcase name="checklogin" time="10.75" classname="TestLayer.VerifyValidLogin">
    <failure type="java.lang.NullPointerException">
      <![CDATA[java.lang.NullPointerException
	at com.google.common.base.Preconditions.checkNotNull(Preconditions.java:770)
	at org.openqa.selenium.interactions.Actions.<init>(Actions.java:68)
	at PageLayer.OrangeHomePage.checkHomepage(OrangeHomePage.java:33)
	at TestLayer.VerifyValidLogin.checklogin(VerifyValidLogin.java:29)
... Removed 25 stack frames]]>
    </failure>
  </testcase> <!-- checklogin -->
</testsuite> <!-- test1 -->
