<?xml version="1.0" encoding="UTF-8"?>
<testng-results skipped="0" failed="0" ignored="0" total="1" passed="1">
  <reporter-output>
  </reporter-output>
  <suite name="Default suite" duration-ms="28951" started-at="2020-01-08T20:38:50Z" finished-at="2020-01-08T20:39:18Z">
    <groups>
    </groups>
    <test name="Default test" duration-ms="28951" started-at="2020-01-08T20:38:50Z" finished-at="2020-01-08T20:39:18Z">
      <class name="TestLayer.VerifyValidLogin">
        <test-method status="PASS" signature="checklogin()[pri:0, instance:TestLayer.VerifyValidLogin@32e6e9c3]" name="checklogin" duration-ms="28908" started-at="2020-01-08T15:38:50Z" finished-at="2020-01-08T15:39:18Z">
          <reporter-output>
          </reporter-output>
        </test-method> <!-- checklogin -->
      </class> <!-- TestLayer.VerifyValidLogin -->
    </test> <!-- Default test -->
  </suite> <!-- Default suite -->
</testng-results>
